# Logfile created on 2025-07-26 08:48:01 +0000 by logger.rb/v1.5.3
2025-07-26 08:48:01 [INFO] {"timestamp":"2025-07-26T08:48:01+00:00","operation":"list","details":{"description":"Listing installed modules"}}
2025-07-26 08:50:14 [INFO] {"timestamp":"2025-07-26T08:50:14+00:00","operation":"list","details":{"description":"Listing installed modules"}}
2025-07-26 08:50:30 [INFO] {"timestamp":"2025-07-26T08:50:30+00:00","operation":"doctor_start","details":{"description":"Starting system validation"}}
2025-07-26 08:50:30 [INFO] {"timestamp":"2025-07-26T08:50:30+00:00","operation":"doctor_issues","details":{"issues":["Missing directory: app/models","Missing directory: app/controllers","Missing directory: config","Missing directory: lib","No .env or .env.local file found"],"count":5}}
2025-07-26 08:50:32 [INFO] {"timestamp":"2025-07-26T08:50:32+00:00","operation":"new","details":{"description":"Setting up scaffolding for new application"}}
2025-07-26 08:50:32 [INFO] {"timestamp":"2025-07-26T08:50:32+00:00","operation":"new_complete","details":{"description":"Application scaffolding setup complete"}}
2025-07-26 08:50:43 [INFO] {"timestamp":"2025-07-26T08:50:43+00:00","operation":"doctor_start","details":{"description":"Starting system validation"}}
2025-07-26 08:50:43 [INFO] {"timestamp":"2025-07-26T08:50:43+00:00","operation":"doctor_issues","details":{"issues":["No .env or .env.local file found"],"count":1}}
2025-07-26 08:50:45 [INFO] {"timestamp":"2025-07-26T08:50:45+00:00","operation":"add_start","details":{"module":"ai","description":"Adding module ai"}}
2025-07-26 08:50:45 [INFO] {"timestamp":"2025-07-26T08:50:45+00:00","operation":"install_script_run","details":{"module":"ai","script":"/home/runner/work/rails-starter/rails-starter/scaffold/lib/templates/synth/ai/install.rb"}}
2025-07-26 08:51:26 [INFO] {"timestamp":"2025-07-26T08:51:26+00:00","operation":"add_start","details":{"module":"ai","description":"Adding module ai"}}
2025-07-26 08:51:26 [INFO] {"timestamp":"2025-07-26T08:51:26+00:00","operation":"install_script_run","details":{"module":"ai","script":"/home/runner/work/rails-starter/rails-starter/scaffold/lib/templates/synth/ai/install.rb"}}
2025-07-26 08:51:26 [INFO] {"timestamp":"2025-07-26T08:51:26+00:00","operation":"add_complete","details":{"module":"ai","description":"Module ai installed successfully"}}
2025-07-26 08:51:28 [INFO] {"timestamp":"2025-07-26T08:51:28+00:00","operation":"list","details":{"description":"Listing installed modules"}}
2025-07-26 08:51:39 [INFO] {"timestamp":"2025-07-26T08:51:39+00:00","operation":"test_ai","details":{"description":"Running AI tests"}}
2025-07-26 08:51:39 [INFO] {"timestamp":"2025-07-26T08:51:39+00:00","operation":"test_ai_complete","details":{"description":"AI tests completed"}}
2025-07-26 08:51:40 [INFO] {"timestamp":"2025-07-26T08:51:40+00:00","operation":"scaffold_agent","details":{"name":"chatbot","description":"Scaffolding agent chatbot"}}
2025-07-26 08:52:51 [INFO] {"timestamp":"2025-07-26T08:52:51+00:00","operation":"scaffold_agent","details":{"name":"chatbot","description":"Scaffolding agent chatbot"}}
2025-07-26 08:52:51 [INFO] {"timestamp":"2025-07-26T08:52:51+00:00","operation":"scaffold_agent_complete","details":{"name":"chatbot","files_created":4}}
2025-07-26 08:53:16 [INFO] {"timestamp":"2025-07-26T08:53:16+00:00","operation":"add_start","details":{"module":"billing","description":"Adding module billing"}}
2025-07-26 08:53:16 [INFO] {"timestamp":"2025-07-26T08:53:16+00:00","operation":"install_script_run","details":{"module":"billing","script":"/home/runner/work/rails-starter/rails-starter/scaffold/lib/templates/synth/billing/install.rb"}}
